{
  '0': 'C',
  '1': 'a',
  '2': 'n',
  '3': 'n',
  '4': 'o',
  '5': 't',
  '6': ' ',
  '7': 's',
  '8': 'e',
  '9': 't',
  '10': ' ',
  '11': 'h',
  '12': 'e',
  '13': 'a',
  '14': 'd',
  '15': 'e',
  '16': 'r',
  '17': 's',
  '18': ' ',
  '19': 'a',
  '20': 'f',
  '21': 't',
  '22': 'e',
  '23': 'r',
  '24': ' ',
  '25': 't',
  '26': 'h',
  '27': 'e',
  '28': 'y',
  '29': ' ',
  '30': 'a',
  '31': 'r',
  '32': 'e',
  '33': ' ',
  '34': 's',
  '35': 'e',
  '36': 'n',
  '37': 't',
  '38': ' ',
  '39': 't',
  '40': 'o',
  '41': ' ',
  '42': 't',
  '43': 'h',
  '44': 'e',
  '45': ' ',
  '46': 'c',
  '47': 'l',
  '48': 'i',
  '49': 'e',
  '50': 'n',
  '51': 't',
  level: 'error',
  message: 'An error has occurred',
  timestamp: '09-05-2023 20:12:49'
}
